<?xml version="1.0" encoding="UTF-8"?>
<!-- Generated by org.testng.reporters.JUnitReportReporter -->
<testsuite hostname="mindc1d240" failures="0" tests="1" name="com.mindtree.runner.MarriotBonvoyWhereWGN_TC_008" time="29.960" errors="0" timestamp="2022-05-18T20:24:13 IST" skipped="0">
  <testcase classname="com.mindtree.runner.MarriotBonvoyWhereWGN_TC_008" name="getClick" time="29.960"/>
  <system-out/>
</testsuite> <!-- com.mindtree.runner.MarriotBonvoyWhereWGN_TC_008 -->
