<?xml version="1.0" encoding="UTF-8"?>
<!-- Generated by org.testng.reporters.JUnitReportReporter -->
<testsuite hostname="mindc1d240" failures="0" tests="1" name="com.mindtree.utility.DemoLog4j" time="0.165" errors="0" timestamp="2022-05-18T20:24:13 IST" skipped="0">
  <testcase classname="com.mindtree.utility.DemoLog4j" name="userLogin" time="0.165"/>
  <system-out/>
</testsuite> <!-- com.mindtree.utility.DemoLog4j -->
