<?xml version="1.0" encoding="UTF-8"?>
<!-- Generated by org.testng.reporters.JUnitReportReporter -->
<testsuite hostname="mindc1d240" failures="0" tests="1" name="com.mindtree.utility.Log4j" time="107.882" errors="0" timestamp="2022-05-18T14:35:17 IST" skipped="0">
  <testcase classname="com.mindtree.utility.Log4j" name="setUp" time="107.882"/>
  <system-out/>
</testsuite> <!-- com.mindtree.utility.Log4j -->
