<?xml version="1.0" encoding="UTF-8"?>
<!-- Generated by org.testng.reporters.JUnitReportReporter -->
<testsuite hostname="mindc1d240" failures="0" tests="1" name="com.mindtree.runner.MarriotBonvoySearchBox_TC_006" time="42.543" errors="0" timestamp="2022-05-18T20:24:13 IST" skipped="0">
  <testcase classname="com.mindtree.runner.MarriotBonvoySearchBox_TC_006" name="userSet" time="42.543"/>
  <system-out/>
</testsuite> <!-- com.mindtree.runner.MarriotBonvoySearchBox_TC_006 -->
