<?xml version="1.0" encoding="UTF-8"?>
<!-- Generated by org.testng.reporters.JUnitReportReporter -->
<testsuite hostname="mindc1d240" failures="0" tests="3" name="com.mindtree.pageobject.MarriotBonvoyLoginPage" time="85.056" errors="0" timestamp="2022-05-18T16:32:21 IST" skipped="0">
  <testcase classname="com.mindtree.pageobject.MarriotBonvoyLoginPage" name="userLogin" time="29.096"/>
  <system-out>
    <![CDATA[Successful Login operation]]>
  </system-out>
  <testcase classname="com.mindtree.pageobject.MarriotBonvoyLoginPage" name="userLogin" time="26.912"/>
  <system-out>
    <![CDATA[Successful Login operation]]>
  </system-out>
  <testcase classname="com.mindtree.pageobject.MarriotBonvoyLoginPage" name="userLogin" time="29.048"/>
  <system-out>
    <![CDATA[Successful Login operation]]>
  </system-out>
</testsuite> <!-- com.mindtree.pageobject.MarriotBonvoyLoginPage -->
