<?xml version="1.0" encoding="UTF-8"?>
<!-- Generated by org.testng.reporters.JUnitReportReporter -->
<testsuite hostname="mindc1d240" failures="0" tests="1" name="com.mindtree.runner.MarriotBonvoyPrivateHome_TC_009" time="27.937" errors="0" timestamp="2022-05-18T20:24:13 IST" skipped="0">
  <testcase classname="com.mindtree.runner.MarriotBonvoyPrivateHome_TC_009" name="getClick" time="27.937"/>
  <system-out/>
</testsuite> <!-- com.mindtree.runner.MarriotBonvoyPrivateHome_TC_009 -->
